<?xml version="1.0" encoding="UTF-8"?>
<testsuites name="New Test Suite" time="48.006" tests="2" failures="0" errors="1">
   <testsuite name="New Test Suite" tests="2" failures="0" errors="1" time="48.006" timestamp="2021-02-25 21:17:30" hostname="LENOVO - DESKTOP-UKB2PDO" id="Test Suites/New Test Suite">
      <properties>
         <property name="deviceName" value=""/>
         <property name="devicePlatform" value=""/>
         <property name="logFolder" value="C:\\Users\\LENOVO\\git\\testingkatalon\\Reports\\20210225_211726\\New Test Suite\\20210225_211726"/>
         <property name="logFiles" value="C:\\Users\\LENOVO\\git\\testingkatalon\\Reports\\20210225_211726\\New Test Suite\\20210225_211726\\execution0.log"/>
         <property name="attachments" value=""/>
         <property name="hostName" value="LENOVO - DESKTOP-UKB2PDO"/>
         <property name="os" value="Windows 10 64bit"/>
         <property name="katalonVersion" value="7.2.1.1"/>
         <property name="browser" value="Firefox 85.0"/>
         <property name="hostAddress" value="192.168.43.210"/>
         <property name="sessionId" value="c65c3f1c-b44b-40f5-98ba-cdbd538a5f32"/>
         <property name="seleniumVersion" value="3.141.59"/>
         <property name="proxyInformation" value="ProxyInformation{proxyOption=NO_PROXY, proxyServerType=HTTP, password=, proxyServerAddress=, proxyServerPort=0, executionList=}"/>
         <property name="platform" value="Windows 10"/>
      </properties>
      <testcase name="Test Cases/testdua" time="31.559" classname="Test Cases/testdua" status="ERROR">
         <error type="ERROR" message="Test Cases/testdua FAILED.
Reason:
groovy.lang.MissingPropertyException: No such property: trus for class: Script1596369770154
	at testdua.run(testdua:29)
	at com.kms.katalon.core.main.ScriptEngine.run(ScriptEngine.java:194)
	at com.kms.katalon.core.main.ScriptEngine.runScriptAsRawText(ScriptEngine.java:119)
	at com.kms.katalon.core.main.TestCaseExecutor.runScript(TestCaseExecutor.java:337)
	at com.kms.katalon.core.main.TestCaseExecutor.doExecute(TestCaseExecutor.java:328)
	at com.kms.katalon.core.main.TestCaseExecutor.processExecutionPhase(TestCaseExecutor.java:307)
	at com.kms.katalon.core.main.TestCaseExecutor.accessMainPhase(TestCaseExecutor.java:299)
	at com.kms.katalon.core.main.TestCaseExecutor.execute(TestCaseExecutor.java:233)
	at com.kms.katalon.core.main.TestSuiteExecutor.accessTestCaseMainPhase(TestSuiteExecutor.java:169)
	at com.kms.katalon.core.main.TestSuiteExecutor.accessTestSuiteMainPhase(TestSuiteExecutor.java:142)
	at com.kms.katalon.core.main.TestSuiteExecutor.execute(TestSuiteExecutor.java:91)
	at com.kms.katalon.core.main.TestCaseMain.startTestSuite(TestCaseMain.java:157)
	at com.kms.katalon.core.main.TestCaseMain$startTestSuite$0.call(Unknown Source)
	at TempTestSuite1614262646067.run(TempTestSuite1614262646067.groovy:36)
"/>
         <system-out><![CDATA[2021-02-25 21:17:31 - [TEST_CASE][ERROR] - Test Cases/testdua: Test Cases/testdua FAILED.
Reason:
groovy.lang.MissingPropertyException: No such property: trus for class: Script1596369770154
	at testdua.run(testdua:29)
	at com.kms.katalon.core.main.ScriptEngine.run(ScriptEngine.java:194)
	at com.kms.katalon.core.main.ScriptEngine.runScriptAsRawText(ScriptEngine.java:119)
	at com.kms.katalon.core.main.TestCaseExecutor.runScript(TestCaseExecutor.java:337)
	at com.kms.katalon.core.main.TestCaseExecutor.doExecute(TestCaseExecutor.java:328)
	at com.kms.katalon.core.main.TestCaseExecutor.processExecutionPhase(TestCaseExecutor.java:307)
	at com.kms.katalon.core.main.TestCaseExecutor.accessMainPhase(TestCaseExecutor.java:299)
	at com.kms.katalon.core.main.TestCaseExecutor.execute(TestCaseExecutor.java:233)
	at com.kms.katalon.core.main.TestSuiteExecutor.accessTestCaseMainPhase(TestSuiteExecutor.java:169)
	at com.kms.katalon.core.main.TestSuiteExecutor.accessTestSuiteMainPhase(TestSuiteExecutor.java:142)
	at com.kms.katalon.core.main.TestSuiteExecutor.execute(TestSuiteExecutor.java:91)
	at com.kms.katalon.core.main.TestCaseMain.startTestSuite(TestCaseMain.java:157)
	at com.kms.katalon.core.main.TestCaseMain$startTestSuite$0.call(Unknown Source)
	at TempTestSuite1614262646067.run(TempTestSuite1614262646067.groovy:36)


2021-02-25 21:17:32 - [TEST_STEP][PASSED] - openBrowser(""): Browser is opened with url: ''

2021-02-25 21:17:32 - [MESSAGE][INFO] - Starting 'Firefox' driver

2021-02-25 21:17:33 - [MESSAGE][INFO] - Action delay is set to 0 seconds

2021-02-25 21:17:48 - [MESSAGE][PASSED] - Browser is opened with url: ''

2021-02-25 21:17:48 - [TEST_STEP][PASSED] - navigateToUrl("https://docs.katalon.com/katalon-studio/docs/statements.html#in-script-view-3"): Navigate to 'https://docs.katalon.com/katalon-studio/docs/statements.html#in-script-view-3' successfully

2021-02-25 21:17:56 - [MESSAGE][PASSED] - Navigate to 'https://docs.katalon.com/katalon-studio/docs/statements.html#in-script-view-3' successfully

2021-02-25 21:17:56 - [TEST_STEP][PASSED] - setText(findTestObject("Object Repository/Page_Statements  Katalon Docs/input_Search by_ais-search-box--input searc_cdc868"), "test"): Text 'test' is set on object 'Object Repository/Page_Statements  Katalon Docs/input_Search by_ais-search-box--input searc_cdc868'

2021-02-25 21:17:57 - [MESSAGE][PASSED] - Text 'test' is set on object 'Object Repository/Page_Statements  Katalon Docs/input_Search by_ais-search-box--input searc_cdc868'

2021-02-25 21:17:57 - [TEST_STEP][PASSED] - click(findTestObject("Object Repository/Page_Statements  Katalon Docs/a_Test Case Variables")): Object: 'Object Repository/Page_Statements  Katalon Docs/a_Test Case Variables' is clicked on

2021-02-25 21:18:02 - [MESSAGE][PASSED] - Object: 'Object Repository/Page_Statements  Katalon Docs/a_Test Case Variables' is clicked on

2021-02-25 21:18:02 - [TEST_STEP][PASSED] - a = findTestObject("Object Repository/Page_Statements  Katalon Docs/a_Test Case Variables"): null

2021-02-25 21:18:02 - [TEST_STEP][PASSED] - if (a == trus): null]]></system-out>
         <system-err><![CDATA[2021-02-25 21:17:31 - [TEST_CASE][ERROR] - Test Cases/testdua: Test Cases/testdua FAILED.
Reason:
groovy.lang.MissingPropertyException: No such property: trus for class: Script1596369770154
	at testdua.run(testdua:29)
	at com.kms.katalon.core.main.ScriptEngine.run(ScriptEngine.java:194)
	at com.kms.katalon.core.main.ScriptEngine.runScriptAsRawText(ScriptEngine.java:119)
	at com.kms.katalon.core.main.TestCaseExecutor.runScript(TestCaseExecutor.java:337)
	at com.kms.katalon.core.main.TestCaseExecutor.doExecute(TestCaseExecutor.java:328)
	at com.kms.katalon.core.main.TestCaseExecutor.processExecutionPhase(TestCaseExecutor.java:307)
	at com.kms.katalon.core.main.TestCaseExecutor.accessMainPhase(TestCaseExecutor.java:299)
	at com.kms.katalon.core.main.TestCaseExecutor.execute(TestCaseExecutor.java:233)
	at com.kms.katalon.core.main.TestSuiteExecutor.accessTestCaseMainPhase(TestSuiteExecutor.java:169)
	at com.kms.katalon.core.main.TestSuiteExecutor.accessTestSuiteMainPhase(TestSuiteExecutor.java:142)
	at com.kms.katalon.core.main.TestSuiteExecutor.execute(TestSuiteExecutor.java:91)
	at com.kms.katalon.core.main.TestCaseMain.startTestSuite(TestCaseMain.java:157)
	at com.kms.katalon.core.main.TestCaseMain$startTestSuite$0.call(Unknown Source)
	at TempTestSuite1614262646067.run(TempTestSuite1614262646067.groovy:36)]]></system-err>
      </testcase>
      <testcase name="Test Cases/testsatu" time="0.568" classname="Test Cases/testsatu" status="PASSED">
         <system-out><![CDATA[2021-02-25 21:18:02 - [TEST_CASE][PASSED] - Test Cases/testsatu: Test Cases/testsatu

2021-02-25 21:18:03 - [TEST_STEP][PASSED] - return null: null]]></system-out>
         <system-err><![CDATA[]]></system-err>
      </testcase>
      <system-out><![CDATA[2021-02-25 21:17:30 - [TEST_SUITE][ERROR] - New Test Suite: Test Cases/testdua FAILED.
Reason:
groovy.lang.MissingPropertyException: No such property: trus for class: Script1596369770154
	at testdua.run(testdua:29)
	at com.kms.katalon.core.main.ScriptEngine.run(ScriptEngine.java:194)
	at com.kms.katalon.core.main.ScriptEngine.runScriptAsRawText(ScriptEngine.java:119)
	at com.kms.katalon.core.main.TestCaseExecutor.runScript(TestCaseExecutor.java:337)
	at com.kms.katalon.core.main.TestCaseExecutor.doExecute(TestCaseExecutor.java:328)
	at com.kms.katalon.core.main.TestCaseExecutor.processExecutionPhase(TestCaseExecutor.java:307)
	at com.kms.katalon.core.main.TestCaseExecutor.accessMainPhase(TestCaseExecutor.java:299)
	at com.kms.katalon.core.main.TestCaseExecutor.execute(TestCaseExecutor.java:233)
	at com.kms.katalon.core.main.TestSuiteExecutor.accessTestCaseMainPhase(TestSuiteExecutor.java:169)
	at com.kms.katalon.core.main.TestSuiteExecutor.accessTestSuiteMainPhase(TestSuiteExecutor.java:142)
	at com.kms.katalon.core.main.TestSuiteExecutor.execute(TestSuiteExecutor.java:91)
	at com.kms.katalon.core.main.TestCaseMain.startTestSuite(TestCaseMain.java:157)
	at com.kms.katalon.core.main.TestCaseMain$startTestSuite$0.call(Unknown Source)
	at TempTestSuite1614262646067.run(TempTestSuite1614262646067.groovy:36)]]></system-out>
      <system-err><![CDATA[2021-02-25 21:17:30 - [TEST_SUITE][ERROR] - New Test Suite: Test Cases/testdua FAILED.
Reason:
groovy.lang.MissingPropertyException: No such property: trus for class: Script1596369770154
	at testdua.run(testdua:29)
	at com.kms.katalon.core.main.ScriptEngine.run(ScriptEngine.java:194)
	at com.kms.katalon.core.main.ScriptEngine.runScriptAsRawText(ScriptEngine.java:119)
	at com.kms.katalon.core.main.TestCaseExecutor.runScript(TestCaseExecutor.java:337)
	at com.kms.katalon.core.main.TestCaseExecutor.doExecute(TestCaseExecutor.java:328)
	at com.kms.katalon.core.main.TestCaseExecutor.processExecutionPhase(TestCaseExecutor.java:307)
	at com.kms.katalon.core.main.TestCaseExecutor.accessMainPhase(TestCaseExecutor.java:299)
	at com.kms.katalon.core.main.TestCaseExecutor.execute(TestCaseExecutor.java:233)
	at com.kms.katalon.core.main.TestSuiteExecutor.accessTestCaseMainPhase(TestSuiteExecutor.java:169)
	at com.kms.katalon.core.main.TestSuiteExecutor.accessTestSuiteMainPhase(TestSuiteExecutor.java:142)
	at com.kms.katalon.core.main.TestSuiteExecutor.execute(TestSuiteExecutor.java:91)
	at com.kms.katalon.core.main.TestCaseMain.startTestSuite(TestCaseMain.java:157)
	at com.kms.katalon.core.main.TestCaseMain$startTestSuite$0.call(Unknown Source)
	at TempTestSuite1614262646067.run(TempTestSuite1614262646067.groovy:36)]]></system-err>
   </testsuite>
</testsuites>
